\BOOKMARK [0][-]{chapter.1}{\376\377\000I\000n\000t\000r\000o\000d\000u\000c\000t\000i\000o\000n\000\040\000t\000o\000\040\000D\000i\000a\000b\000e\000t\000i\000c\000\040\000D\000a\000t\000a\000\040\000A\000n\000a\000l\000y\000s\000i\000s}{}% 1
\BOOKMARK [1][-]{section.1.1}{\376\377\000B\000a\000c\000k\000g\000r\000o\000u\000n\000d}{chapter.1}% 2
\BOOKMARK [1][-]{section.1.2}{\376\377\000D\000a\000t\000a\000s\000e\000t\000\040\000D\000e\000s\000c\000r\000i\000p\000t\000i\000o\000n}{chapter.1}% 3
\BOOKMARK [1][-]{section.1.3}{\376\377\000P\000r\000o\000j\000e\000c\000t\000\040\000O\000b\000j\000e\000c\000t\000i\000v\000e\000s}{chapter.1}% 4
\BOOKMARK [1][-]{section.1.4}{\376\377\000M\000e\000t\000h\000o\000d\000o\000l\000o\000g\000y\000\040\000O\000v\000e\000r\000v\000i\000e\000w}{chapter.1}% 5
\BOOKMARK [2][-]{subsection.1.4.1}{\376\377\000E\000x\000p\000l\000o\000r\000a\000t\000o\000r\000y\000\040\000D\000a\000t\000a\000\040\000A\000n\000a\000l\000y\000s\000i\000s}{section.1.4}% 6
\BOOKMARK [2][-]{subsection.1.4.2}{\376\377\000L\000o\000g\000i\000s\000t\000i\000c\000\040\000R\000e\000g\000r\000e\000s\000s\000i\000o\000n\000\040\000M\000o\000d\000e\000l\000i\000n\000g}{section.1.4}% 7
\BOOKMARK [2][-]{subsection.1.4.3}{\376\377\000K\000-\000F\000o\000l\000d\000\040\000C\000r\000o\000s\000s\000-\000V\000a\000l\000i\000d\000a\000t\000i\000o\000n}{section.1.4}% 8
\BOOKMARK [1][-]{section.1.5}{\376\377\000E\000x\000p\000e\000c\000t\000e\000d\000\040\000O\000u\000t\000c\000o\000m\000e\000s}{chapter.1}% 9
\BOOKMARK [0][-]{chapter.2}{\376\377\000E\000x\000p\000l\000o\000r\000a\000t\000o\000r\000y\000\040\000D\000a\000t\000a\000\040\000A\000n\000a\000l\000y\000s\000i\000s\000:\000\040\000F\000o\000c\000u\000s\000\040\000o\000n\000\040\000M\000i\000s\000s\000i\000n\000g\000\040\000V\000a\000l\000u\000e\000s\000\040\000a\000n\000d\000\040\000I\000m\000p\000u\000t\000a\000t\000i\000o\000n}{}% 10
\BOOKMARK [1][-]{section.2.1}{\376\377\000I\000n\000t\000r\000o\000d\000u\000c\000t\000i\000o\000n}{chapter.2}% 11
\BOOKMARK [1][-]{section.2.2}{\376\377\000D\000a\000t\000a\000s\000e\000t\000\040\000O\000v\000e\000r\000v\000i\000e\000w\000\040\000a\000n\000d\000\040\000I\000n\000i\000t\000i\000a\000l\000\040\000A\000s\000s\000e\000s\000s\000m\000e\000n\000t}{chapter.2}% 12
\BOOKMARK [2][-]{subsection.2.2.1}{\376\377\000D\000a\000t\000a\000s\000e\000t\000\040\000S\000t\000r\000u\000c\000t\000u\000r\000e\000\040\000a\000n\000d\000\040\000C\000h\000a\000r\000a\000c\000t\000e\000r\000i\000s\000t\000i\000c\000s}{section.2.2}% 13
\BOOKMARK [1][-]{section.2.3}{\376\377\000M\000i\000s\000s\000i\000n\000g\000\040\000V\000a\000l\000u\000e\000\040\000A\000n\000a\000l\000y\000s\000i\000s\000\040\000M\000e\000t\000h\000o\000d\000o\000l\000o\000g\000y}{chapter.2}% 14
\BOOKMARK [2][-]{subsection.2.3.1}{\376\377\000M\000i\000s\000s\000i\000n\000g\000n\000e\000s\000s\000\040\000M\000e\000c\000h\000a\000n\000i\000s\000m\000s}{section.2.3}% 15
\BOOKMARK [2][-]{subsection.2.3.2}{\376\377\000C\000o\000m\000p\000r\000e\000h\000e\000n\000s\000i\000v\000e\000\040\000M\000i\000s\000s\000i\000n\000g\000\040\000V\000a\000l\000u\000e\000\040\000D\000e\000t\000e\000c\000t\000i\000o\000n}{section.2.3}% 16
\BOOKMARK [2][-]{subsection.2.3.3}{\376\377\000I\000m\000p\000a\000c\000t\000\040\000o\000f\000\040\000M\000i\000s\000s\000i\000n\000g\000\040\000V\000a\000l\000u\000e\000s}{section.2.3}% 17
\BOOKMARK [1][-]{section.2.4}{\376\377\000M\000i\000s\000s\000i\000n\000g\000\040\000V\000a\000l\000u\000e\000\040\000V\000i\000s\000u\000a\000l\000i\000z\000a\000t\000i\000o\000n\000\040\000T\000e\000c\000h\000n\000i\000q\000u\000e\000s}{chapter.2}% 18
\BOOKMARK [2][-]{subsection.2.4.1}{\376\377\000U\000n\000i\000v\000a\000r\000i\000a\000t\000e\000\040\000M\000i\000s\000s\000i\000n\000g\000n\000e\000s\000s\000\040\000V\000i\000s\000u\000a\000l\000i\000z\000a\000t\000i\000o\000n}{section.2.4}% 19
\BOOKMARK [2][-]{subsection.2.4.2}{\376\377\000M\000u\000l\000t\000i\000v\000a\000r\000i\000a\000t\000e\000\040\000M\000i\000s\000s\000i\000n\000g\000n\000e\000s\000s\000\040\000V\000i\000s\000u\000a\000l\000i\000z\000a\000t\000i\000o\000n}{section.2.4}% 20
\BOOKMARK [2][-]{subsection.2.4.3}{\376\377\000I\000n\000t\000e\000r\000a\000c\000t\000i\000v\000e\000\040\000V\000i\000s\000u\000a\000l\000i\000z\000a\000t\000i\000o\000n\000s}{section.2.4}% 21
\BOOKMARK [1][-]{section.2.5}{\376\377\000M\000i\000s\000s\000i\000n\000g\000\040\000V\000a\000l\000u\000e\000\040\000I\000m\000p\000u\000t\000a\000t\000i\000o\000n\000\040\000M\000e\000t\000h\000o\000d\000s}{chapter.2}% 22
\BOOKMARK [2][-]{subsection.2.5.1}{\376\377\000E\000v\000a\000l\000u\000a\000t\000i\000o\000n\000\040\000F\000r\000a\000m\000e\000w\000o\000r\000k\000\040\000f\000o\000r\000\040\000I\000m\000p\000u\000t\000a\000t\000i\000o\000n}{section.2.5}% 23
\BOOKMARK [2][-]{subsection.2.5.2}{\376\377\000U\000n\000i\000v\000a\000r\000i\000a\000t\000e\000\040\000I\000m\000p\000u\000t\000a\000t\000i\000o\000n\000\040\000T\000e\000c\000h\000n\000i\000q\000u\000e\000s}{section.2.5}% 24
\BOOKMARK [2][-]{subsection.2.5.3}{\376\377\000M\000u\000l\000t\000i\000v\000a\000r\000i\000a\000t\000e\000\040\000I\000m\000p\000u\000t\000a\000t\000i\000o\000n\000\040\000T\000e\000c\000h\000n\000i\000q\000u\000e\000s}{section.2.5}% 25
\BOOKMARK [2][-]{subsection.2.5.4}{\376\377\000A\000d\000v\000a\000n\000c\000e\000d\000\040\000T\000e\000c\000h\000n\000i\000q\000u\000e\000s\000\040\000f\000o\000r\000\040\000C\000o\000m\000p\000l\000e\000x\000\040\000M\000i\000s\000s\000i\000n\000g\000n\000e\000s\000s}{section.2.5}% 26
\BOOKMARK [1][-]{section.2.6}{\376\377\000E\000x\000p\000e\000r\000i\000m\000e\000n\000t\000a\000l\000\040\000C\000o\000m\000p\000a\000r\000i\000s\000o\000n\000\040\000o\000f\000\040\000I\000m\000p\000u\000t\000a\000t\000i\000o\000n\000\040\000M\000e\000t\000h\000o\000d\000s}{chapter.2}% 27
\BOOKMARK [2][-]{subsection.2.6.1}{\376\377\000E\000x\000p\000e\000r\000i\000m\000e\000n\000t\000a\000l\000\040\000D\000e\000s\000i\000g\000n}{section.2.6}% 28
\BOOKMARK [2][-]{subsection.2.6.2}{\376\377\000R\000e\000s\000u\000l\000t\000s\000\040\000f\000o\000r\000\040\000N\000u\000m\000e\000r\000i\000c\000a\000l\000\040\000V\000a\000r\000i\000a\000b\000l\000e\000s}{section.2.6}% 29
\BOOKMARK [2][-]{subsection.2.6.3}{\376\377\000R\000e\000s\000u\000l\000t\000s\000\040\000f\000o\000r\000\040\000C\000a\000t\000e\000g\000o\000r\000i\000c\000a\000l\000\040\000V\000a\000r\000i\000a\000b\000l\000e\000s}{section.2.6}% 30
\BOOKMARK [1][-]{section.2.7}{\376\377\000I\000m\000p\000l\000e\000m\000e\000n\000t\000a\000t\000i\000o\000n\000\040\000o\000f\000\040\000O\000p\000t\000i\000m\000a\000l\000\040\000I\000m\000p\000u\000t\000a\000t\000i\000o\000n\000\040\000S\000t\000r\000a\000t\000e\000g\000y}{chapter.2}% 31
\BOOKMARK [2][-]{subsection.2.7.1}{\376\377\000V\000a\000r\000i\000a\000b\000l\000e\000-\000S\000p\000e\000c\000i\000f\000i\000c\000\040\000I\000m\000p\000u\000t\000a\000t\000i\000o\000n}{section.2.7}% 32
\BOOKMARK [2][-]{subsection.2.7.2}{\376\377\000S\000t\000e\000p\000w\000i\000s\000e\000\040\000I\000m\000p\000u\000t\000a\000t\000i\000o\000n\000\040\000P\000r\000o\000c\000e\000s\000s}{section.2.7}% 33
\BOOKMARK [2][-]{subsection.2.7.3}{\376\377\000V\000a\000l\000i\000d\000a\000t\000i\000o\000n\000\040\000o\000f\000\040\000I\000m\000p\000u\000t\000e\000d\000\040\000D\000a\000t\000a\000s\000e\000t}{section.2.7}% 34
\BOOKMARK [1][-]{section.2.8}{\376\377\000K\000e\000y\000\040\000F\000i\000n\000d\000i\000n\000g\000s\000\040\000a\000n\000d\000\040\000I\000m\000p\000l\000i\000c\000a\000t\000i\000o\000n\000s}{chapter.2}% 35
\BOOKMARK [2][-]{subsection.2.8.1}{\376\377\000M\000i\000s\000s\000i\000n\000g\000\040\000D\000a\000t\000a\000\040\000P\000a\000t\000t\000e\000r\000n\000s}{section.2.8}% 36
\BOOKMARK [2][-]{subsection.2.8.2}{\376\377\000I\000m\000p\000u\000t\000a\000t\000i\000o\000n\000\040\000P\000e\000r\000f\000o\000r\000m\000a\000n\000c\000e}{section.2.8}% 37
\BOOKMARK [2][-]{subsection.2.8.3}{\376\377\000I\000m\000p\000a\000c\000t\000\040\000o\000n\000\040\000S\000u\000b\000s\000e\000q\000u\000e\000n\000t\000\040\000A\000n\000a\000l\000y\000s\000e\000s}{section.2.8}% 38
\BOOKMARK [1][-]{section.2.9}{\376\377\000C\000o\000n\000c\000l\000u\000s\000i\000o\000n\000\040\000a\000n\000d\000\040\000R\000e\000c\000o\000m\000m\000e\000n\000d\000a\000t\000i\000o\000n\000s}{chapter.2}% 39
\BOOKMARK [1][-]{section.2.10}{\376\377\000V\000i\000s\000u\000a\000l\000i\000z\000a\000t\000i\000o\000n\000\040\000G\000a\000l\000l\000e\000r\000y}{chapter.2}% 40
